<?xml version="1.0" encoding="UTF-8"?>
<!-- Generated by org.testng.reporters.JUnitReportReporter -->
<testsuite hostname="LAPTOP-PHGVLTR7" failures="0" tests="3" name="pom.test.Test_1" time="9.369" errors="0" timestamp="2022-06-19T23:39:23 PDT" skipped="0">
  <testcase classname="pom.test.Test_1" name="Test_001" time="2.571"/>
  <system-out/>
  <testcase classname="pom.test.Test_1" name="Test_002" time="2.498"/>
  <system-out/>
  <testcase classname="pom.test.Test_1" name="Test_003" time="4.300"/>
  <system-out/>
</testsuite> <!-- pom.test.Test_1 -->
