<?xml version="1.0" encoding="UTF-8"?>
<!-- Generated by org.testng.reporters.JUnitReportReporter -->
<testsuite hostname="LAPTOP-PHGVLTR7" failures="0" tests="1" name="pom.test.TakeScrrenShot" time="3.465" errors="0" timestamp="2022-06-19T23:45:12 PDT" skipped="0">
  <testcase classname="pom.test.TakeScrrenShot" name="Test_001" time="3.465"/>
  <system-out/>
</testsuite> <!-- pom.test.TakeScrrenShot -->
