<?xml version="1.0" encoding="UTF-8"?>
<!-- Generated by org.testng.reporters.JUnitReportReporter -->
<testsuite hostname="LAPTOP-PHGVLTR7" failures="0" tests="1" name="pom.test.Test_2" time="7.305" errors="0" timestamp="2022-06-19T22:43:22 PDT" skipped="0">
  <testcase classname="pom.test.Test_2" name="Test_001" time="7.305"/>
  <system-out/>
</testsuite> <!-- pom.test.Test_2 -->
